04-03-2017 @ 18:59:08 - Start Express Checkout
04-03-2017 @ 18:59:10 - Test Mode: no
04-03-2017 @ 18:59:10 - Endpoint: https://api-3t.paypal.com/nvp
04-03-2017 @ 18:59:10 - Request: Array
(
    [USER] => *****
    [PWD] => *****
    [VERSION] => 124.0
    [BUTTONSOURCE] => AngellEYE_SP_WooCommerce
    [SIGNATURE] => *****
    [METHOD] => SetExpressCheckout
    [RETURNURL] => https://gurilifestyle.com/checkout/review-order/?utm_nooverride=1
    [pp_action] => revieworder
    [CANCELURL] => https://gurilifestyle.com/store/
    [ALLOWNOTE] => 1
    [LOCALECODE] => en_US
    [EMAIL] => johann@studiobild.com.br
    [BRANDNAME] => Guri Lifestyle
    [CUSTOMERSERVICENUMBER] =>  352 24595400
    [SOLUTIONTYPE] => Sole
    [LANDINGPAGE] => Billing
    [USERSELECTEDFUNDINGSOURCE] => CreditCard
    [PAYMENTREQUEST_0_AMT] => 0.20
    [PAYMENTREQUEST_0_CURRENCYCODE] => EUR
    [PAYMENTREQUEST_0_SHIPTONAME] => Johann Carnasciali
    [PAYMENTREQUEST_0_SHIPTOSTREET] => Rua Almirante Tamandaré, 503
    [PAYMENTREQUEST_0_SHIPTOSTREET2] => Alto da Rua XV
    [PAYMENTREQUEST_0_SHIPTOCITY] => Curitiba
    [PAYMENTREQUEST_0_SHIPTOSTATE] => PR
    [PAYMENTREQUEST_0_SHIPTOZIP] => 80045-110
    [PAYMENTREQUEST_0_SHIPTOCOUNTRYCODE] => BR
    [PAYMENTREQUEST_0_SHIPTOPHONENUM] => 45454654564
    [PAYMENTREQUEST_0_PAYMENTACTION] => Sale
    [L_PAYMENTREQUEST_0_NAME0] => Black
    [L_PAYMENTREQUEST_0_AMT0] => 0.20
    [L_PAYMENTREQUEST_0_QTY0] => 1
    [PAYMENTREQUEST_0_ITEMAMT] => 0.20
)

04-03-2017 @ 18:59:10 - Response: Array
(
    [TOKEN] => EC-2F888923HM631853L
    [TIMESTAMP] => 2017-04-03T18:59:10Z
    [CORRELATIONID] => e6053c3bdf89b
    [ACK] => Success
    [VERSION] => 124.0
    [BUILD] => 31674279
)

04-03-2017 @ 18:59:10 - Redirecting to PayPal
04-03-2017 @ 19:00:40 - Start Review Order
04-03-2017 @ 19:00:40 - ...Token:EC-2F888923HM631853L
04-03-2017 @ 19:00:40 - ...PayerID: RTJHK7G9VZUAY
04-03-2017 @ 19:00:41 - Test Mode: no
04-03-2017 @ 19:00:41 - Endpoint: https://api-3t.paypal.com/nvp
04-03-2017 @ 19:00:41 - Request: Array
(
    [USER] => *****
    [PWD] => *****
    [VERSION] => 124.0
    [BUTTONSOURCE] => AngellEYE_SP_WooCommerce
    [SIGNATURE] => *****
    [METHOD] => GetExpressCheckoutDetails
    [TOKEN] => EC-2F888923HM631853L
)

04-03-2017 @ 19:00:41 - Response: Array
(
    [TOKEN] => EC-2F888923HM631853L
    [BILLINGAGREEMENTACCEPTEDSTATUS] => 0
    [CHECKOUTSTATUS] => PaymentActionNotInitiated
    [TIMESTAMP] => 2017-04-03T19:00:41Z
    [CORRELATIONID] => 744299664a5f8
    [ACK] => Success
    [VERSION] => 124.0
    [BUILD] => 31674279
    [EMAIL] => jcarnasciali@gmail.com
    [PAYERID] => RTJHK7G9VZUAY
    [PAYERSTATUS] => verified
    [FIRSTNAME] => Johann Matheus
    [LASTNAME] => Carnasciali Rocha
    [COUNTRYCODE] => BR
    [TAXIDTYPE] => BR_CPF
    [TAXID] => 08843992902
    [SHIPTONAME] => Johann Carnasciali
    [SHIPTOSTREET] => Rua Almirante Tamandaré  503  ap.51
    [SHIPTOSTREET2] => Alto da Rua XV
    [SHIPTOCITY] => Curitiba
    [SHIPTOSTATE] => PR
    [SHIPTOZIP] => 80045-110
    [SHIPTOCOUNTRYCODE] => BR
    [SHIPTOPHONENUM] => 45454654564
    [SHIPTOCOUNTRYNAME] => Brazil
    [ADDRESSSTATUS] => Confirmed
    [CURRENCYCODE] => EUR
    [AMT] => 0.20
    [ITEMAMT] => 0.20
    [SHIPPINGAMT] => 0.00
    [HANDLINGAMT] => 0.00
    [TAXAMT] => 0.00
    [INSURANCEAMT] => 0.00
    [SHIPDISCAMT] => 0.00
    [INSURANCEOPTIONOFFERED] => false
    [L_NAME0] => Black
    [L_QTY0] => 1
    [L_TAXAMT0] => 0.00
    [L_AMT0] => 0.20
    [PAYMENTREQUEST_0_CURRENCYCODE] => EUR
    [PAYMENTREQUEST_0_AMT] => 0.20
    [PAYMENTREQUEST_0_ITEMAMT] => 0.20
    [PAYMENTREQUEST_0_SHIPPINGAMT] => 0.00
    [PAYMENTREQUEST_0_HANDLINGAMT] => 0.00
    [PAYMENTREQUEST_0_TAXAMT] => 0.00
    [PAYMENTREQUEST_0_INSURANCEAMT] => 0.00
    [PAYMENTREQUEST_0_SHIPDISCAMT] => 0.00
    [PAYMENTREQUEST_0_SELLERPAYPALACCOUNTID] => julien@gurilifestyle.com
    [PAYMENTREQUEST_0_INSURANCEOPTIONOFFERED] => false
    [PAYMENTREQUEST_0_SHIPTONAME] => Johann Carnasciali
    [PAYMENTREQUEST_0_SHIPTOSTREET] => Rua Almirante Tamandaré  503  ap.51
    [PAYMENTREQUEST_0_SHIPTOSTREET2] => Alto da Rua XV
    [PAYMENTREQUEST_0_SHIPTOCITY] => Curitiba
    [PAYMENTREQUEST_0_SHIPTOSTATE] => PR
    [PAYMENTREQUEST_0_SHIPTOZIP] => 80045-110
    [PAYMENTREQUEST_0_SHIPTOCOUNTRYCODE] => BR
    [PAYMENTREQUEST_0_SHIPTOPHONENUM] => 45454654564
    [PAYMENTREQUEST_0_SHIPTOCOUNTRYNAME] => Brazil
    [PAYMENTREQUEST_0_ADDRESSSTATUS] => Confirmed
    [PAYMENTREQUEST_0_ADDRESSNORMALIZATIONSTATUS] => Normalized
    [L_PAYMENTREQUEST_0_NAME0] => Black
    [L_PAYMENTREQUEST_0_QTY0] => 1
    [L_PAYMENTREQUEST_0_TAXAMT0] => 0.00
    [L_PAYMENTREQUEST_0_AMT0] => 0.20
    [PAYMENTREQUESTINFO_0_ERRORCODE] => 0
)

04-03-2017 @ 19:00:42 - Start Pay Action
04-03-2017 @ 19:02:28 - Start Review Order
04-03-2017 @ 19:02:28 - ...Token:EC-2F888923HM631853L
04-03-2017 @ 19:02:28 - ...PayerID: RTJHK7G9VZUAY
04-03-2017 @ 19:02:29 - Test Mode: no
04-03-2017 @ 19:02:29 - Endpoint: https://api-3t.paypal.com/nvp
04-03-2017 @ 19:02:29 - Request: Array
(
    [USER] => *****
    [PWD] => *****
    [VERSION] => 124.0
    [BUTTONSOURCE] => AngellEYE_SP_WooCommerce
    [SIGNATURE] => *****
    [METHOD] => GetExpressCheckoutDetails
    [TOKEN] => EC-2F888923HM631853L
)

04-03-2017 @ 19:02:29 - Response: Array
(
    [TOKEN] => EC-2F888923HM631853L
    [BILLINGAGREEMENTACCEPTEDSTATUS] => 0
    [CHECKOUTSTATUS] => PaymentActionNotInitiated
    [TIMESTAMP] => 2017-04-03T19:02:29Z
    [CORRELATIONID] => 4351ee5b2d3c8
    [ACK] => Success
    [VERSION] => 124.0
    [BUILD] => 31674279
    [EMAIL] => jcarnasciali@gmail.com
    [PAYERID] => RTJHK7G9VZUAY
    [PAYERSTATUS] => verified
    [FIRSTNAME] => Johann Matheus
    [LASTNAME] => Carnasciali Rocha
    [COUNTRYCODE] => BR
    [TAXIDTYPE] => BR_CPF
    [TAXID] => 08843992902
    [SHIPTONAME] => Johann Carnasciali
    [SHIPTOSTREET] => Rua Almirante Tamandaré  503  ap.51
    [SHIPTOSTREET2] => Alto da Rua XV
    [SHIPTOCITY] => Curitiba
    [SHIPTOSTATE] => PR
    [SHIPTOZIP] => 80045-110
    [SHIPTOCOUNTRYCODE] => BR
    [SHIPTOPHONENUM] => 45454654564
    [SHIPTOCOUNTRYNAME] => Brazil
    [ADDRESSSTATUS] => Confirmed
    [CURRENCYCODE] => EUR
    [AMT] => 0.20
    [ITEMAMT] => 0.20
    [SHIPPINGAMT] => 0.00
    [HANDLINGAMT] => 0.00
    [TAXAMT] => 0.00
    [INSURANCEAMT] => 0.00
    [SHIPDISCAMT] => 0.00
    [INSURANCEOPTIONOFFERED] => false
    [L_NAME0] => Black
    [L_QTY0] => 1
    [L_TAXAMT0] => 0.00
    [L_AMT0] => 0.20
    [PAYMENTREQUEST_0_CURRENCYCODE] => EUR
    [PAYMENTREQUEST_0_AMT] => 0.20
    [PAYMENTREQUEST_0_ITEMAMT] => 0.20
    [PAYMENTREQUEST_0_SHIPPINGAMT] => 0.00
    [PAYMENTREQUEST_0_HANDLINGAMT] => 0.00
    [PAYMENTREQUEST_0_TAXAMT] => 0.00
    [PAYMENTREQUEST_0_INSURANCEAMT] => 0.00
    [PAYMENTREQUEST_0_SHIPDISCAMT] => 0.00
    [PAYMENTREQUEST_0_SELLERPAYPALACCOUNTID] => julien@gurilifestyle.com
    [PAYMENTREQUEST_0_INSURANCEOPTIONOFFERED] => false
    [PAYMENTREQUEST_0_SHIPTONAME] => Johann Carnasciali
    [PAYMENTREQUEST_0_SHIPTOSTREET] => Rua Almirante Tamandaré  503  ap.51
    [PAYMENTREQUEST_0_SHIPTOSTREET2] => Alto da Rua XV
    [PAYMENTREQUEST_0_SHIPTOCITY] => Curitiba
    [PAYMENTREQUEST_0_SHIPTOSTATE] => PR
    [PAYMENTREQUEST_0_SHIPTOZIP] => 80045-110
    [PAYMENTREQUEST_0_SHIPTOCOUNTRYCODE] => BR
    [PAYMENTREQUEST_0_SHIPTOPHONENUM] => 45454654564
    [PAYMENTREQUEST_0_SHIPTOCOUNTRYNAME] => Brazil
    [PAYMENTREQUEST_0_ADDRESSSTATUS] => Confirmed
    [PAYMENTREQUEST_0_ADDRESSNORMALIZATIONSTATUS] => Normalized
    [L_PAYMENTREQUEST_0_NAME0] => Black
    [L_PAYMENTREQUEST_0_QTY0] => 1
    [L_PAYMENTREQUEST_0_TAXAMT0] => 0.00
    [L_PAYMENTREQUEST_0_AMT0] => 0.20
    [PAYMENTREQUESTINFO_0_ERRORCODE] => 0
)

04-03-2017 @ 19:02:30 - Start Pay Action
04-03-2017 @ 19:04:25 - Start Express Checkout
04-03-2017 @ 19:04:26 - Test Mode: no
04-03-2017 @ 19:04:26 - Endpoint: https://api-3t.paypal.com/nvp
04-03-2017 @ 19:04:26 - Request: Array
(
    [USER] => *****
    [PWD] => *****
    [VERSION] => 124.0
    [BUTTONSOURCE] => AngellEYE_SP_WooCommerce
    [SIGNATURE] => *****
    [METHOD] => SetExpressCheckout
    [RETURNURL] => https://gurilifestyle.com/checkout/review-order/?utm_nooverride=1
    [pp_action] => revieworder
    [CANCELURL] => https://gurilifestyle.com/store/
    [ALLOWNOTE] => 1
    [LOCALECODE] => en_US
    [EMAIL] => johann@studiobild.com.br
    [BRANDNAME] => Guri Lifestyle
    [CUSTOMERSERVICENUMBER] =>  352 24595400
    [SOLUTIONTYPE] => Sole
    [LANDINGPAGE] => Billing
    [USERSELECTEDFUNDINGSOURCE] => CreditCard
    [PAYMENTREQUEST_0_AMT] => 0.20
    [PAYMENTREQUEST_0_CURRENCYCODE] => EUR
    [PAYMENTREQUEST_0_SHIPTONAME] => Johann Johann
    [PAYMENTREQUEST_0_SHIPTOSTREET] => Rua Almirante Tamandaré  503  ap.51
    [PAYMENTREQUEST_0_SHIPTOSTREET2] => Alto da Rua XV
    [PAYMENTREQUEST_0_SHIPTOCITY] => Curitiba
    [PAYMENTREQUEST_0_SHIPTOSTATE] => PR
    [PAYMENTREQUEST_0_SHIPTOZIP] => 80045-110
    [PAYMENTREQUEST_0_SHIPTOCOUNTRYCODE] => BR
    [PAYMENTREQUEST_0_SHIPTOPHONENUM] => 45454654564
    [PAYMENTREQUEST_0_PAYMENTACTION] => Sale
    [L_PAYMENTREQUEST_0_NAME0] => Black
    [L_PAYMENTREQUEST_0_AMT0] => 0.20
    [L_PAYMENTREQUEST_0_QTY0] => 1
    [PAYMENTREQUEST_0_ITEMAMT] => 0.20
)

04-03-2017 @ 19:04:26 - Response: Array
(
    [TOKEN] => EC-5J102851RY498273X
    [TIMESTAMP] => 2017-04-03T19:04:26Z
    [CORRELATIONID] => fe07da7762c4a
    [ACK] => Success
    [VERSION] => 124.0
    [BUILD] => 31674279
)

04-03-2017 @ 19:04:26 - Redirecting to PayPal
04-03-2017 @ 19:05:25 - Start Review Order
04-03-2017 @ 19:05:25 - ...Token:EC-5J102851RY498273X
04-03-2017 @ 19:05:25 - ...PayerID: RTJHK7G9VZUAY
04-03-2017 @ 19:05:26 - Test Mode: no
04-03-2017 @ 19:05:26 - Endpoint: https://api-3t.paypal.com/nvp
04-03-2017 @ 19:05:26 - Request: Array
(
    [USER] => *****
    [PWD] => *****
    [VERSION] => 124.0
    [BUTTONSOURCE] => AngellEYE_SP_WooCommerce
    [SIGNATURE] => *****
    [METHOD] => GetExpressCheckoutDetails
    [TOKEN] => EC-5J102851RY498273X
)

04-03-2017 @ 19:05:26 - Response: Array
(
    [TOKEN] => EC-5J102851RY498273X
    [BILLINGAGREEMENTACCEPTEDSTATUS] => 0
    [CHECKOUTSTATUS] => PaymentActionNotInitiated
    [TIMESTAMP] => 2017-04-03T19:05:26Z
    [CORRELATIONID] => 79d261a27fd60
    [ACK] => Success
    [VERSION] => 124.0
    [BUILD] => 31674279
    [EMAIL] => jcarnasciali@gmail.com
    [PAYERID] => RTJHK7G9VZUAY
    [PAYERSTATUS] => verified
    [FIRSTNAME] => Johann Matheus
    [LASTNAME] => Carnasciali Rocha
    [COUNTRYCODE] => BR
    [TAXIDTYPE] => BR_CPF
    [TAXID] => 08843992902
    [SHIPTONAME] => Johann Johann
    [SHIPTOSTREET] => Rua Almirante Tamandaré  503  ap.51
    [SHIPTOSTREET2] => Alto da Rua XV
    [SHIPTOCITY] => Curitiba
    [SHIPTOSTATE] => PR
    [SHIPTOZIP] => 80045-110
    [SHIPTOCOUNTRYCODE] => BR
    [SHIPTOPHONENUM] => 45454654564
    [SHIPTOCOUNTRYNAME] => Brazil
    [ADDRESSSTATUS] => Confirmed
    [CURRENCYCODE] => EUR
    [AMT] => 0.20
    [ITEMAMT] => 0.20
    [SHIPPINGAMT] => 0.00
    [HANDLINGAMT] => 0.00
    [TAXAMT] => 0.00
    [INSURANCEAMT] => 0.00
    [SHIPDISCAMT] => 0.00
    [INSURANCEOPTIONOFFERED] => false
    [L_NAME0] => Black
    [L_QTY0] => 1
    [L_TAXAMT0] => 0.00
    [L_AMT0] => 0.20
    [PAYMENTREQUEST_0_CURRENCYCODE] => EUR
    [PAYMENTREQUEST_0_AMT] => 0.20
    [PAYMENTREQUEST_0_ITEMAMT] => 0.20
    [PAYMENTREQUEST_0_SHIPPINGAMT] => 0.00
    [PAYMENTREQUEST_0_HANDLINGAMT] => 0.00
    [PAYMENTREQUEST_0_TAXAMT] => 0.00
    [PAYMENTREQUEST_0_INSURANCEAMT] => 0.00
    [PAYMENTREQUEST_0_SHIPDISCAMT] => 0.00
    [PAYMENTREQUEST_0_SELLERPAYPALACCOUNTID] => julien@gurilifestyle.com
    [PAYMENTREQUEST_0_INSURANCEOPTIONOFFERED] => false
    [PAYMENTREQUEST_0_SHIPTONAME] => Johann Johann
    [PAYMENTREQUEST_0_SHIPTOSTREET] => Rua Almirante Tamandaré  503  ap.51
    [PAYMENTREQUEST_0_SHIPTOSTREET2] => Alto da Rua XV
    [PAYMENTREQUEST_0_SHIPTOCITY] => Curitiba
    [PAYMENTREQUEST_0_SHIPTOSTATE] => PR
    [PAYMENTREQUEST_0_SHIPTOZIP] => 80045-110
    [PAYMENTREQUEST_0_SHIPTOCOUNTRYCODE] => BR
    [PAYMENTREQUEST_0_SHIPTOPHONENUM] => 45454654564
    [PAYMENTREQUEST_0_SHIPTOCOUNTRYNAME] => Brazil
    [PAYMENTREQUEST_0_ADDRESSSTATUS] => Confirmed
    [PAYMENTREQUEST_0_ADDRESSNORMALIZATIONSTATUS] => Normalized
    [L_PAYMENTREQUEST_0_NAME0] => Black
    [L_PAYMENTREQUEST_0_QTY0] => 1
    [L_PAYMENTREQUEST_0_TAXAMT0] => 0.00
    [L_PAYMENTREQUEST_0_AMT0] => 0.20
    [PAYMENTREQUESTINFO_0_ERRORCODE] => 0
)

04-03-2017 @ 19:05:27 - Start Pay Action
04-03-2017 @ 19:10:35 - Start Review Order
04-03-2017 @ 19:10:35 - ...Token:EC-5J102851RY498273X
04-03-2017 @ 19:10:35 - ...PayerID: RTJHK7G9VZUAY
04-03-2017 @ 19:10:36 - Test Mode: no
04-03-2017 @ 19:10:36 - Endpoint: https://api-3t.paypal.com/nvp
04-03-2017 @ 19:10:36 - Request: Array
(
    [USER] => *****
    [PWD] => *****
    [VERSION] => 124.0
    [BUTTONSOURCE] => AngellEYE_SP_WooCommerce
    [SIGNATURE] => *****
    [METHOD] => GetExpressCheckoutDetails
    [TOKEN] => EC-5J102851RY498273X
)

04-03-2017 @ 19:10:36 - Response: Array
(
    [TOKEN] => EC-5J102851RY498273X
    [BILLINGAGREEMENTACCEPTEDSTATUS] => 0
    [CHECKOUTSTATUS] => PaymentActionNotInitiated
    [TIMESTAMP] => 2017-04-03T19:10:36Z
    [CORRELATIONID] => a0b0a769778f1
    [ACK] => Success
    [VERSION] => 124.0
    [BUILD] => 31674279
    [EMAIL] => jcarnasciali@gmail.com
    [PAYERID] => RTJHK7G9VZUAY
    [PAYERSTATUS] => verified
    [FIRSTNAME] => Johann Matheus
    [LASTNAME] => Carnasciali Rocha
    [COUNTRYCODE] => BR
    [TAXIDTYPE] => BR_CPF
    [TAXID] => 08843992902
    [SHIPTONAME] => Johann Johann
    [SHIPTOSTREET] => Rua Almirante Tamandaré  503  ap.51
    [SHIPTOSTREET2] => Alto da Rua XV
    [SHIPTOCITY] => Curitiba
    [SHIPTOSTATE] => PR
    [SHIPTOZIP] => 80045-110
    [SHIPTOCOUNTRYCODE] => BR
    [SHIPTOPHONENUM] => 45454654564
    [SHIPTOCOUNTRYNAME] => Brazil
    [ADDRESSSTATUS] => Confirmed
    [CURRENCYCODE] => EUR
    [AMT] => 0.20
    [ITEMAMT] => 0.20
    [SHIPPINGAMT] => 0.00
    [HANDLINGAMT] => 0.00
    [TAXAMT] => 0.00
    [INSURANCEAMT] => 0.00
    [SHIPDISCAMT] => 0.00
    [INSURANCEOPTIONOFFERED] => false
    [L_NAME0] => Black
    [L_QTY0] => 1
    [L_TAXAMT0] => 0.00
    [L_AMT0] => 0.20
    [PAYMENTREQUEST_0_CURRENCYCODE] => EUR
    [PAYMENTREQUEST_0_AMT] => 0.20
    [PAYMENTREQUEST_0_ITEMAMT] => 0.20
    [PAYMENTREQUEST_0_SHIPPINGAMT] => 0.00
    [PAYMENTREQUEST_0_HANDLINGAMT] => 0.00
    [PAYMENTREQUEST_0_TAXAMT] => 0.00
    [PAYMENTREQUEST_0_INSURANCEAMT] => 0.00
    [PAYMENTREQUEST_0_SHIPDISCAMT] => 0.00
    [PAYMENTREQUEST_0_SELLERPAYPALACCOUNTID] => julien@gurilifestyle.com
    [PAYMENTREQUEST_0_INSURANCEOPTIONOFFERED] => false
    [PAYMENTREQUEST_0_SHIPTONAME] => Johann Johann
    [PAYMENTREQUEST_0_SHIPTOSTREET] => Rua Almirante Tamandaré  503  ap.51
    [PAYMENTREQUEST_0_SHIPTOSTREET2] => Alto da Rua XV
    [PAYMENTREQUEST_0_SHIPTOCITY] => Curitiba
    [PAYMENTREQUEST_0_SHIPTOSTATE] => PR
    [PAYMENTREQUEST_0_SHIPTOZIP] => 80045-110
    [PAYMENTREQUEST_0_SHIPTOCOUNTRYCODE] => BR
    [PAYMENTREQUEST_0_SHIPTOPHONENUM] => 45454654564
    [PAYMENTREQUEST_0_SHIPTOCOUNTRYNAME] => Brazil
    [PAYMENTREQUEST_0_ADDRESSSTATUS] => Confirmed
    [PAYMENTREQUEST_0_ADDRESSNORMALIZATIONSTATUS] => Normalized
    [L_PAYMENTREQUEST_0_NAME0] => Black
    [L_PAYMENTREQUEST_0_QTY0] => 1
    [L_PAYMENTREQUEST_0_TAXAMT0] => 0.00
    [L_PAYMENTREQUEST_0_AMT0] => 0.20
    [PAYMENTREQUESTINFO_0_ERRORCODE] => 0
)

04-03-2017 @ 19:10:37 - Start Pay Action
04-03-2017 @ 19:10:41 - Start Pay Action
04-03-2017 @ 19:19:29 - Start Review Order
04-03-2017 @ 19:19:29 - ...Token:EC-5J102851RY498273X
04-03-2017 @ 19:19:29 - ...PayerID: RTJHK7G9VZUAY
04-03-2017 @ 19:19:31 - Test Mode: no
04-03-2017 @ 19:19:31 - Endpoint: https://api-3t.paypal.com/nvp
04-03-2017 @ 19:19:31 - Request: Array
(
    [USER] => *****
    [PWD] => *****
    [VERSION] => 124.0
    [BUTTONSOURCE] => AngellEYE_SP_WooCommerce
    [SIGNATURE] => *****
    [METHOD] => GetExpressCheckoutDetails
    [TOKEN] => EC-5J102851RY498273X
)

04-03-2017 @ 19:19:31 - Response: Array
(
    [TOKEN] => EC-5J102851RY498273X
    [BILLINGAGREEMENTACCEPTEDSTATUS] => 0
    [CHECKOUTSTATUS] => PaymentActionNotInitiated
    [TIMESTAMP] => 2017-04-03T19:19:30Z
    [CORRELATIONID] => e42b0ec5b6062
    [ACK] => Success
    [VERSION] => 124.0
    [BUILD] => 31674279
    [EMAIL] => jcarnasciali@gmail.com
    [PAYERID] => RTJHK7G9VZUAY
    [PAYERSTATUS] => verified
    [FIRSTNAME] => Johann Matheus
    [LASTNAME] => Carnasciali Rocha
    [COUNTRYCODE] => BR
    [TAXIDTYPE] => BR_CPF
    [TAXID] => 08843992902
    [SHIPTONAME] => Johann Johann
    [SHIPTOSTREET] => Rua Almirante Tamandaré  503  ap.51
    [SHIPTOSTREET2] => Alto da Rua XV
    [SHIPTOCITY] => Curitiba
    [SHIPTOSTATE] => PR
    [SHIPTOZIP] => 80045-110
    [SHIPTOCOUNTRYCODE] => BR
    [SHIPTOPHONENUM] => 45454654564
    [SHIPTOCOUNTRYNAME] => Brazil
    [ADDRESSSTATUS] => Confirmed
    [CURRENCYCODE] => EUR
    [AMT] => 0.20
    [ITEMAMT] => 0.20
    [SHIPPINGAMT] => 0.00
    [HANDLINGAMT] => 0.00
    [TAXAMT] => 0.00
    [INSURANCEAMT] => 0.00
    [SHIPDISCAMT] => 0.00
    [INSURANCEOPTIONOFFERED] => false
    [L_NAME0] => Black
    [L_QTY0] => 1
    [L_TAXAMT0] => 0.00
    [L_AMT0] => 0.20
    [PAYMENTREQUEST_0_CURRENCYCODE] => EUR
    [PAYMENTREQUEST_0_AMT] => 0.20
    [PAYMENTREQUEST_0_ITEMAMT] => 0.20
    [PAYMENTREQUEST_0_SHIPPINGAMT] => 0.00
    [PAYMENTREQUEST_0_HANDLINGAMT] => 0.00
    [PAYMENTREQUEST_0_TAXAMT] => 0.00
    [PAYMENTREQUEST_0_INSURANCEAMT] => 0.00
    [PAYMENTREQUEST_0_SHIPDISCAMT] => 0.00
    [PAYMENTREQUEST_0_SELLERPAYPALACCOUNTID] => julien@gurilifestyle.com
    [PAYMENTREQUEST_0_INSURANCEOPTIONOFFERED] => false
    [PAYMENTREQUEST_0_SHIPTONAME] => Johann Johann
    [PAYMENTREQUEST_0_SHIPTOSTREET] => Rua Almirante Tamandaré  503  ap.51
    [PAYMENTREQUEST_0_SHIPTOSTREET2] => Alto da Rua XV
    [PAYMENTREQUEST_0_SHIPTOCITY] => Curitiba
    [PAYMENTREQUEST_0_SHIPTOSTATE] => PR
    [PAYMENTREQUEST_0_SHIPTOZIP] => 80045-110
    [PAYMENTREQUEST_0_SHIPTOCOUNTRYCODE] => BR
    [PAYMENTREQUEST_0_SHIPTOPHONENUM] => 45454654564
    [PAYMENTREQUEST_0_SHIPTOCOUNTRYNAME] => Brazil
    [PAYMENTREQUEST_0_ADDRESSSTATUS] => Confirmed
    [PAYMENTREQUEST_0_ADDRESSNORMALIZATIONSTATUS] => Normalized
    [L_PAYMENTREQUEST_0_NAME0] => Black
    [L_PAYMENTREQUEST_0_QTY0] => 1
    [L_PAYMENTREQUEST_0_TAXAMT0] => 0.00
    [L_PAYMENTREQUEST_0_AMT0] => 0.20
    [PAYMENTREQUESTINFO_0_ERRORCODE] => 0
)

04-03-2017 @ 19:19:34 - Start Pay Action
04-03-2017 @ 19:21:05 - Start Review Order
04-03-2017 @ 19:21:05 - ...Token:EC-5J102851RY498273X
04-03-2017 @ 19:21:05 - ...PayerID: RTJHK7G9VZUAY
04-03-2017 @ 19:21:07 - Test Mode: no
04-03-2017 @ 19:21:07 - Endpoint: https://api-3t.paypal.com/nvp
04-03-2017 @ 19:21:07 - Request: Array
(
    [USER] => *****
    [PWD] => *****
    [VERSION] => 124.0
    [BUTTONSOURCE] => AngellEYE_SP_WooCommerce
    [SIGNATURE] => *****
    [METHOD] => GetExpressCheckoutDetails
    [TOKEN] => EC-5J102851RY498273X
)

04-03-2017 @ 19:21:07 - Response: Array
(
    [TOKEN] => EC-5J102851RY498273X
    [BILLINGAGREEMENTACCEPTEDSTATUS] => 0
    [CHECKOUTSTATUS] => PaymentActionNotInitiated
    [TIMESTAMP] => 2017-04-03T19:21:07Z
    [CORRELATIONID] => 708d8769e0a5f
    [ACK] => Success
    [VERSION] => 124.0
    [BUILD] => 31674279
    [EMAIL] => jcarnasciali@gmail.com
    [PAYERID] => RTJHK7G9VZUAY
    [PAYERSTATUS] => verified
    [FIRSTNAME] => Johann Matheus
    [LASTNAME] => Carnasciali Rocha
    [COUNTRYCODE] => BR
    [TAXIDTYPE] => BR_CPF
    [TAXID] => 08843992902
    [SHIPTONAME] => Johann Johann
    [SHIPTOSTREET] => Rua Almirante Tamandaré  503  ap.51
    [SHIPTOSTREET2] => Alto da Rua XV
    [SHIPTOCITY] => Curitiba
    [SHIPTOSTATE] => PR
    [SHIPTOZIP] => 80045-110
    [SHIPTOCOUNTRYCODE] => BR
    [SHIPTOPHONENUM] => 45454654564
    [SHIPTOCOUNTRYNAME] => Brazil
    [ADDRESSSTATUS] => Confirmed
    [CURRENCYCODE] => EUR
    [AMT] => 0.20
    [ITEMAMT] => 0.20
    [SHIPPINGAMT] => 0.00
    [HANDLINGAMT] => 0.00
    [TAXAMT] => 0.00
    [INSURANCEAMT] => 0.00
    [SHIPDISCAMT] => 0.00
    [INSURANCEOPTIONOFFERED] => false
    [L_NAME0] => Black
    [L_QTY0] => 1
    [L_TAXAMT0] => 0.00
    [L_AMT0] => 0.20
    [PAYMENTREQUEST_0_CURRENCYCODE] => EUR
    [PAYMENTREQUEST_0_AMT] => 0.20
    [PAYMENTREQUEST_0_ITEMAMT] => 0.20
    [PAYMENTREQUEST_0_SHIPPINGAMT] => 0.00
    [PAYMENTREQUEST_0_HANDLINGAMT] => 0.00
    [PAYMENTREQUEST_0_TAXAMT] => 0.00
    [PAYMENTREQUEST_0_INSURANCEAMT] => 0.00
    [PAYMENTREQUEST_0_SHIPDISCAMT] => 0.00
    [PAYMENTREQUEST_0_SELLERPAYPALACCOUNTID] => julien@gurilifestyle.com
    [PAYMENTREQUEST_0_INSURANCEOPTIONOFFERED] => false
    [PAYMENTREQUEST_0_SHIPTONAME] => Johann Johann
    [PAYMENTREQUEST_0_SHIPTOSTREET] => Rua Almirante Tamandaré  503  ap.51
    [PAYMENTREQUEST_0_SHIPTOSTREET2] => Alto da Rua XV
    [PAYMENTREQUEST_0_SHIPTOCITY] => Curitiba
    [PAYMENTREQUEST_0_SHIPTOSTATE] => PR
    [PAYMENTREQUEST_0_SHIPTOZIP] => 80045-110
    [PAYMENTREQUEST_0_SHIPTOCOUNTRYCODE] => BR
    [PAYMENTREQUEST_0_SHIPTOPHONENUM] => 45454654564
    [PAYMENTREQUEST_0_SHIPTOCOUNTRYNAME] => Brazil
    [PAYMENTREQUEST_0_ADDRESSSTATUS] => Confirmed
    [PAYMENTREQUEST_0_ADDRESSNORMALIZATIONSTATUS] => Normalized
    [L_PAYMENTREQUEST_0_NAME0] => Black
    [L_PAYMENTREQUEST_0_QTY0] => 1
    [L_PAYMENTREQUEST_0_TAXAMT0] => 0.00
    [L_PAYMENTREQUEST_0_AMT0] => 0.20
    [PAYMENTREQUESTINFO_0_ERRORCODE] => 0
)

04-03-2017 @ 19:21:08 - Start Pay Action
04-03-2017 @ 19:32:06 - Start Review Order
04-03-2017 @ 19:32:06 - ...Token:EC-5J102851RY498273X
04-03-2017 @ 19:32:06 - ...PayerID: RTJHK7G9VZUAY
04-03-2017 @ 19:32:07 - Test Mode: no
04-03-2017 @ 19:32:07 - Endpoint: https://api-3t.paypal.com/nvp
04-03-2017 @ 19:32:07 - Request: Array
(
    [USER] => *****
    [PWD] => *****
    [VERSION] => 124.0
    [BUTTONSOURCE] => AngellEYE_SP_WooCommerce
    [SIGNATURE] => *****
    [METHOD] => GetExpressCheckoutDetails
    [TOKEN] => EC-5J102851RY498273X
)

04-03-2017 @ 19:32:07 - Response: Array
(
    [TOKEN] => EC-5J102851RY498273X
    [BILLINGAGREEMENTACCEPTEDSTATUS] => 0
    [CHECKOUTSTATUS] => PaymentActionNotInitiated
    [TIMESTAMP] => 2017-04-03T19:32:07Z
    [CORRELATIONID] => e496b3ee60179
    [ACK] => Success
    [VERSION] => 124.0
    [BUILD] => 31674279
    [EMAIL] => jcarnasciali@gmail.com
    [PAYERID] => RTJHK7G9VZUAY
    [PAYERSTATUS] => verified
    [FIRSTNAME] => Johann Matheus
    [LASTNAME] => Carnasciali Rocha
    [COUNTRYCODE] => BR
    [TAXIDTYPE] => BR_CPF
    [TAXID] => 08843992902
    [SHIPTONAME] => Johann Johann
    [SHIPTOSTREET] => Rua Almirante Tamandaré  503  ap.51
    [SHIPTOSTREET2] => Alto da Rua XV
    [SHIPTOCITY] => Curitiba
    [SHIPTOSTATE] => PR
    [SHIPTOZIP] => 80045-110
    [SHIPTOCOUNTRYCODE] => BR
    [SHIPTOPHONENUM] => 45454654564
    [SHIPTOCOUNTRYNAME] => Brazil
    [ADDRESSSTATUS] => Confirmed
    [CURRENCYCODE] => EUR
    [AMT] => 0.20
    [ITEMAMT] => 0.20
    [SHIPPINGAMT] => 0.00
    [HANDLINGAMT] => 0.00
    [TAXAMT] => 0.00
    [INSURANCEAMT] => 0.00
    [SHIPDISCAMT] => 0.00
    [INSURANCEOPTIONOFFERED] => false
    [L_NAME0] => Black
    [L_QTY0] => 1
    [L_TAXAMT0] => 0.00
    [L_AMT0] => 0.20
    [PAYMENTREQUEST_0_CURRENCYCODE] => EUR
    [PAYMENTREQUEST_0_AMT] => 0.20
    [PAYMENTREQUEST_0_ITEMAMT] => 0.20
    [PAYMENTREQUEST_0_SHIPPINGAMT] => 0.00
    [PAYMENTREQUEST_0_HANDLINGAMT] => 0.00
    [PAYMENTREQUEST_0_TAXAMT] => 0.00
    [PAYMENTREQUEST_0_INSURANCEAMT] => 0.00
    [PAYMENTREQUEST_0_SHIPDISCAMT] => 0.00
    [PAYMENTREQUEST_0_SELLERPAYPALACCOUNTID] => julien@gurilifestyle.com
    [PAYMENTREQUEST_0_INSURANCEOPTIONOFFERED] => false
    [PAYMENTREQUEST_0_SHIPTONAME] => Johann Johann
    [PAYMENTREQUEST_0_SHIPTOSTREET] => Rua Almirante Tamandaré  503  ap.51
    [PAYMENTREQUEST_0_SHIPTOSTREET2] => Alto da Rua XV
    [PAYMENTREQUEST_0_SHIPTOCITY] => Curitiba
    [PAYMENTREQUEST_0_SHIPTOSTATE] => PR
    [PAYMENTREQUEST_0_SHIPTOZIP] => 80045-110
    [PAYMENTREQUEST_0_SHIPTOCOUNTRYCODE] => BR
    [PAYMENTREQUEST_0_SHIPTOPHONENUM] => 45454654564
    [PAYMENTREQUEST_0_SHIPTOCOUNTRYNAME] => Brazil
    [PAYMENTREQUEST_0_ADDRESSSTATUS] => Confirmed
    [PAYMENTREQUEST_0_ADDRESSNORMALIZATIONSTATUS] => Normalized
    [L_PAYMENTREQUEST_0_NAME0] => Black
    [L_PAYMENTREQUEST_0_QTY0] => 1
    [L_PAYMENTREQUEST_0_TAXAMT0] => 0.00
    [L_PAYMENTREQUEST_0_AMT0] => 0.20
    [PAYMENTREQUESTINFO_0_ERRORCODE] => 0
)

04-03-2017 @ 19:32:10 - Start Pay Action
04-03-2017 @ 19:34:10 - Start Review Order
04-03-2017 @ 19:34:10 - ...Token:EC-5J102851RY498273X
04-03-2017 @ 19:34:10 - ...PayerID: RTJHK7G9VZUAY
04-03-2017 @ 19:34:12 - Test Mode: no
04-03-2017 @ 19:34:12 - Endpoint: https://api-3t.paypal.com/nvp
04-03-2017 @ 19:34:12 - Request: Array
(
    [USER] => *****
    [PWD] => *****
    [VERSION] => 124.0
    [BUTTONSOURCE] => AngellEYE_SP_WooCommerce
    [SIGNATURE] => *****
    [METHOD] => GetExpressCheckoutDetails
    [TOKEN] => EC-5J102851RY498273X
)

04-03-2017 @ 19:34:12 - Response: Array
(
    [TOKEN] => EC-5J102851RY498273X
    [BILLINGAGREEMENTACCEPTEDSTATUS] => 0
    [CHECKOUTSTATUS] => PaymentActionNotInitiated
    [TIMESTAMP] => 2017-04-03T19:34:12Z
    [CORRELATIONID] => e48e0becf03b1
    [ACK] => Success
    [VERSION] => 124.0
    [BUILD] => 31674279
    [EMAIL] => jcarnasciali@gmail.com
    [PAYERID] => RTJHK7G9VZUAY
    [PAYERSTATUS] => verified
    [FIRSTNAME] => Johann Matheus
    [LASTNAME] => Carnasciali Rocha
    [COUNTRYCODE] => BR
    [TAXIDTYPE] => BR_CPF
    [TAXID] => 08843992902
    [SHIPTONAME] => Johann Johann
    [SHIPTOSTREET] => Rua Almirante Tamandaré  503  ap.51
    [SHIPTOSTREET2] => Alto da Rua XV
    [SHIPTOCITY] => Curitiba
    [SHIPTOSTATE] => PR
    [SHIPTOZIP] => 80045-110
    [SHIPTOCOUNTRYCODE] => BR
    [SHIPTOPHONENUM] => 45454654564
    [SHIPTOCOUNTRYNAME] => Brazil
    [ADDRESSSTATUS] => Confirmed
    [CURRENCYCODE] => EUR
    [AMT] => 0.20
    [ITEMAMT] => 0.20
    [SHIPPINGAMT] => 0.00
    [HANDLINGAMT] => 0.00
    [TAXAMT] => 0.00
    [INSURANCEAMT] => 0.00
    [SHIPDISCAMT] => 0.00
    [INSURANCEOPTIONOFFERED] => false
    [L_NAME0] => Black
    [L_QTY0] => 1
    [L_TAXAMT0] => 0.00
    [L_AMT0] => 0.20
    [PAYMENTREQUEST_0_CURRENCYCODE] => EUR
    [PAYMENTREQUEST_0_AMT] => 0.20
    [PAYMENTREQUEST_0_ITEMAMT] => 0.20
    [PAYMENTREQUEST_0_SHIPPINGAMT] => 0.00
    [PAYMENTREQUEST_0_HANDLINGAMT] => 0.00
    [PAYMENTREQUEST_0_TAXAMT] => 0.00
    [PAYMENTREQUEST_0_INSURANCEAMT] => 0.00
    [PAYMENTREQUEST_0_SHIPDISCAMT] => 0.00
    [PAYMENTREQUEST_0_SELLERPAYPALACCOUNTID] => julien@gurilifestyle.com
    [PAYMENTREQUEST_0_INSURANCEOPTIONOFFERED] => false
    [PAYMENTREQUEST_0_SHIPTONAME] => Johann Johann
    [PAYMENTREQUEST_0_SHIPTOSTREET] => Rua Almirante Tamandaré  503  ap.51
    [PAYMENTREQUEST_0_SHIPTOSTREET2] => Alto da Rua XV
    [PAYMENTREQUEST_0_SHIPTOCITY] => Curitiba
    [PAYMENTREQUEST_0_SHIPTOSTATE] => PR
    [PAYMENTREQUEST_0_SHIPTOZIP] => 80045-110
    [PAYMENTREQUEST_0_SHIPTOCOUNTRYCODE] => BR
    [PAYMENTREQUEST_0_SHIPTOPHONENUM] => 45454654564
    [PAYMENTREQUEST_0_SHIPTOCOUNTRYNAME] => Brazil
    [PAYMENTREQUEST_0_ADDRESSSTATUS] => Confirmed
    [PAYMENTREQUEST_0_ADDRESSNORMALIZATIONSTATUS] => Normalized
    [L_PAYMENTREQUEST_0_NAME0] => Black
    [L_PAYMENTREQUEST_0_QTY0] => 1
    [L_PAYMENTREQUEST_0_TAXAMT0] => 0.00
    [L_PAYMENTREQUEST_0_AMT0] => 0.20
    [PAYMENTREQUESTINFO_0_ERRORCODE] => 0
)

04-03-2017 @ 19:34:13 - Start Pay Action
04-03-2017 @ 19:37:26 - Start Review Order
04-03-2017 @ 19:37:26 - ...Token:EC-5J102851RY498273X
04-03-2017 @ 19:37:26 - ...PayerID: RTJHK7G9VZUAY
04-03-2017 @ 19:37:28 - Test Mode: no
04-03-2017 @ 19:37:28 - Endpoint: https://api-3t.paypal.com/nvp
04-03-2017 @ 19:37:28 - Request: Array
(
    [USER] => *****
    [PWD] => *****
    [VERSION] => 124.0
    [BUTTONSOURCE] => AngellEYE_SP_WooCommerce
    [SIGNATURE] => *****
    [METHOD] => GetExpressCheckoutDetails
    [TOKEN] => EC-5J102851RY498273X
)

04-03-2017 @ 19:37:28 - Response: Array
(
    [TOKEN] => EC-5J102851RY498273X
    [BILLINGAGREEMENTACCEPTEDSTATUS] => 0
    [CHECKOUTSTATUS] => PaymentActionNotInitiated
    [TIMESTAMP] => 2017-04-03T19:37:28Z
    [CORRELATIONID] => 2e2ac6ececd10
    [ACK] => Success
    [VERSION] => 124.0
    [BUILD] => 31674279
    [EMAIL] => jcarnasciali@gmail.com
    [PAYERID] => RTJHK7G9VZUAY
    [PAYERSTATUS] => verified
    [FIRSTNAME] => Johann Matheus
    [LASTNAME] => Carnasciali Rocha
    [COUNTRYCODE] => BR
    [TAXIDTYPE] => BR_CPF
    [TAXID] => 08843992902
    [SHIPTONAME] => Johann Johann
    [SHIPTOSTREET] => Rua Almirante Tamandaré  503  ap.51
    [SHIPTOSTREET2] => Alto da Rua XV
    [SHIPTOCITY] => Curitiba
    [SHIPTOSTATE] => PR
    [SHIPTOZIP] => 80045-110
    [SHIPTOCOUNTRYCODE] => BR
    [SHIPTOPHONENUM] => 45454654564
    [SHIPTOCOUNTRYNAME] => Brazil
    [ADDRESSSTATUS] => Confirmed
    [CURRENCYCODE] => EUR
    [AMT] => 0.20
    [ITEMAMT] => 0.20
    [SHIPPINGAMT] => 0.00
    [HANDLINGAMT] => 0.00
    [TAXAMT] => 0.00
    [INSURANCEAMT] => 0.00
    [SHIPDISCAMT] => 0.00
    [INSURANCEOPTIONOFFERED] => false
    [L_NAME0] => Black
    [L_QTY0] => 1
    [L_TAXAMT0] => 0.00
    [L_AMT0] => 0.20
    [PAYMENTREQUEST_0_CURRENCYCODE] => EUR
    [PAYMENTREQUEST_0_AMT] => 0.20
    [PAYMENTREQUEST_0_ITEMAMT] => 0.20
    [PAYMENTREQUEST_0_SHIPPINGAMT] => 0.00
    [PAYMENTREQUEST_0_HANDLINGAMT] => 0.00
    [PAYMENTREQUEST_0_TAXAMT] => 0.00
    [PAYMENTREQUEST_0_INSURANCEAMT] => 0.00
    [PAYMENTREQUEST_0_SHIPDISCAMT] => 0.00
    [PAYMENTREQUEST_0_SELLERPAYPALACCOUNTID] => julien@gurilifestyle.com
    [PAYMENTREQUEST_0_INSURANCEOPTIONOFFERED] => false
    [PAYMENTREQUEST_0_SHIPTONAME] => Johann Johann
    [PAYMENTREQUEST_0_SHIPTOSTREET] => Rua Almirante Tamandaré  503  ap.51
    [PAYMENTREQUEST_0_SHIPTOSTREET2] => Alto da Rua XV
    [PAYMENTREQUEST_0_SHIPTOCITY] => Curitiba
    [PAYMENTREQUEST_0_SHIPTOSTATE] => PR
    [PAYMENTREQUEST_0_SHIPTOZIP] => 80045-110
    [PAYMENTREQUEST_0_SHIPTOCOUNTRYCODE] => BR
    [PAYMENTREQUEST_0_SHIPTOPHONENUM] => 45454654564
    [PAYMENTREQUEST_0_SHIPTOCOUNTRYNAME] => Brazil
    [PAYMENTREQUEST_0_ADDRESSSTATUS] => Confirmed
    [PAYMENTREQUEST_0_ADDRESSNORMALIZATIONSTATUS] => Normalized
    [L_PAYMENTREQUEST_0_NAME0] => Black
    [L_PAYMENTREQUEST_0_QTY0] => 1
    [L_PAYMENTREQUEST_0_TAXAMT0] => 0.00
    [L_PAYMENTREQUEST_0_AMT0] => 0.20
    [PAYMENTREQUESTINFO_0_ERRORCODE] => 0
)

04-03-2017 @ 19:37:30 - Start Pay Action
04-03-2017 @ 19:38:48 - Start Review Order
04-03-2017 @ 19:38:48 - ...Token:EC-5J102851RY498273X
04-03-2017 @ 19:38:48 - ...PayerID: RTJHK7G9VZUAY
04-03-2017 @ 19:38:49 - Test Mode: no
04-03-2017 @ 19:38:49 - Endpoint: https://api-3t.paypal.com/nvp
04-03-2017 @ 19:38:49 - Request: Array
(
    [USER] => *****
    [PWD] => *****
    [VERSION] => 124.0
    [BUTTONSOURCE] => AngellEYE_SP_WooCommerce
    [SIGNATURE] => *****
    [METHOD] => GetExpressCheckoutDetails
    [TOKEN] => EC-5J102851RY498273X
)

04-03-2017 @ 19:38:49 - Response: Array
(
    [TOKEN] => EC-5J102851RY498273X
    [BILLINGAGREEMENTACCEPTEDSTATUS] => 0
    [CHECKOUTSTATUS] => PaymentActionNotInitiated
    [TIMESTAMP] => 2017-04-03T19:38:49Z
    [CORRELATIONID] => 109ab3ef47616
    [ACK] => Success
    [VERSION] => 124.0
    [BUILD] => 31674279
    [EMAIL] => jcarnasciali@gmail.com
    [PAYERID] => RTJHK7G9VZUAY
    [PAYERSTATUS] => verified
    [FIRSTNAME] => Johann Matheus
    [LASTNAME] => Carnasciali Rocha
    [COUNTRYCODE] => BR
    [TAXIDTYPE] => BR_CPF
    [TAXID] => 08843992902
    [SHIPTONAME] => Johann Johann
    [SHIPTOSTREET] => Rua Almirante Tamandaré  503  ap.51
    [SHIPTOSTREET2] => Alto da Rua XV
    [SHIPTOCITY] => Curitiba
    [SHIPTOSTATE] => PR
    [SHIPTOZIP] => 80045-110
    [SHIPTOCOUNTRYCODE] => BR
    [SHIPTOPHONENUM] => 45454654564
    [SHIPTOCOUNTRYNAME] => Brazil
    [ADDRESSSTATUS] => Confirmed
    [CURRENCYCODE] => EUR
    [AMT] => 0.20
    [ITEMAMT] => 0.20
    [SHIPPINGAMT] => 0.00
    [HANDLINGAMT] => 0.00
    [TAXAMT] => 0.00
    [INSURANCEAMT] => 0.00
    [SHIPDISCAMT] => 0.00
    [INSURANCEOPTIONOFFERED] => false
    [L_NAME0] => Black
    [L_QTY0] => 1
    [L_TAXAMT0] => 0.00
    [L_AMT0] => 0.20
    [PAYMENTREQUEST_0_CURRENCYCODE] => EUR
    [PAYMENTREQUEST_0_AMT] => 0.20
    [PAYMENTREQUEST_0_ITEMAMT] => 0.20
    [PAYMENTREQUEST_0_SHIPPINGAMT] => 0.00
    [PAYMENTREQUEST_0_HANDLINGAMT] => 0.00
    [PAYMENTREQUEST_0_TAXAMT] => 0.00
    [PAYMENTREQUEST_0_INSURANCEAMT] => 0.00
    [PAYMENTREQUEST_0_SHIPDISCAMT] => 0.00
    [PAYMENTREQUEST_0_SELLERPAYPALACCOUNTID] => julien@gurilifestyle.com
    [PAYMENTREQUEST_0_INSURANCEOPTIONOFFERED] => false
    [PAYMENTREQUEST_0_SHIPTONAME] => Johann Johann
    [PAYMENTREQUEST_0_SHIPTOSTREET] => Rua Almirante Tamandaré  503  ap.51
    [PAYMENTREQUEST_0_SHIPTOSTREET2] => Alto da Rua XV
    [PAYMENTREQUEST_0_SHIPTOCITY] => Curitiba
    [PAYMENTREQUEST_0_SHIPTOSTATE] => PR
    [PAYMENTREQUEST_0_SHIPTOZIP] => 80045-110
    [PAYMENTREQUEST_0_SHIPTOCOUNTRYCODE] => BR
    [PAYMENTREQUEST_0_SHIPTOPHONENUM] => 45454654564
    [PAYMENTREQUEST_0_SHIPTOCOUNTRYNAME] => Brazil
    [PAYMENTREQUEST_0_ADDRESSSTATUS] => Confirmed
    [PAYMENTREQUEST_0_ADDRESSNORMALIZATIONSTATUS] => Normalized
    [L_PAYMENTREQUEST_0_NAME0] => Black
    [L_PAYMENTREQUEST_0_QTY0] => 1
    [L_PAYMENTREQUEST_0_TAXAMT0] => 0.00
    [L_PAYMENTREQUEST_0_AMT0] => 0.20
    [PAYMENTREQUESTINFO_0_ERRORCODE] => 0
)

04-03-2017 @ 19:38:50 - Start Pay Action
04-03-2017 @ 20:06:24 - Start Express Checkout
04-03-2017 @ 20:06:26 - Test Mode: no
04-03-2017 @ 20:06:26 - Endpoint: https://api-3t.paypal.com/nvp
04-03-2017 @ 20:06:26 - Request: Array
(
    [USER] => *****
    [PWD] => *****
    [VERSION] => 124.0
    [BUTTONSOURCE] => AngellEYE_SP_WooCommerce
    [SIGNATURE] => *****
    [METHOD] => SetExpressCheckout
    [RETURNURL] => https://gurilifestyle.com/checkout/review-order/?utm_nooverride=1
    [pp_action] => revieworder
    [CANCELURL] => https://gurilifestyle.com/store/
    [ALLOWNOTE] => 1
    [LOCALECODE] => en_US
    [EMAIL] => johann@studiobild.com.br
    [BRANDNAME] => Guri Lifestyle
    [CUSTOMERSERVICENUMBER] =>  352 24595400
    [SOLUTIONTYPE] => Sole
    [LANDINGPAGE] => Billing
    [USERSELECTEDFUNDINGSOURCE] => CreditCard
    [PAYMENTREQUEST_0_AMT] => 0.20
    [PAYMENTREQUEST_0_CURRENCYCODE] => EUR
    [PAYMENTREQUEST_0_SHIPTONAME] => Johann Johann
    [PAYMENTREQUEST_0_SHIPTOSTREET] => Rua Almirante Tamandaré  503  ap.51
    [PAYMENTREQUEST_0_SHIPTOSTREET2] => Alto da Rua XV
    [PAYMENTREQUEST_0_SHIPTOCITY] => Curitiba
    [PAYMENTREQUEST_0_SHIPTOSTATE] => PR
    [PAYMENTREQUEST_0_SHIPTOZIP] => 80045-110
    [PAYMENTREQUEST_0_SHIPTOCOUNTRYCODE] => BR
    [PAYMENTREQUEST_0_SHIPTOPHONENUM] => 45454654564
    [PAYMENTREQUEST_0_PAYMENTACTION] => Sale
    [L_PAYMENTREQUEST_0_NAME0] => Black
    [L_PAYMENTREQUEST_0_AMT0] => 0.20
    [L_PAYMENTREQUEST_0_QTY0] => 1
    [PAYMENTREQUEST_0_ITEMAMT] => 0.20
)

04-03-2017 @ 20:06:26 - Response: Array
(
    [TOKEN] => EC-50F04985S26290415
    [TIMESTAMP] => 2017-04-03T20:06:26Z
    [CORRELATIONID] => cb4dfa6b33901
    [ACK] => Success
    [VERSION] => 124.0
    [BUILD] => 31674279
)

04-03-2017 @ 20:06:26 - Redirecting to PayPal
04-03-2017 @ 20:07:20 - Start Review Order
04-03-2017 @ 20:07:20 - ...Token:EC-50F04985S26290415
04-03-2017 @ 20:07:20 - ...PayerID: RTJHK7G9VZUAY
04-03-2017 @ 20:07:21 - Test Mode: no
04-03-2017 @ 20:07:21 - Endpoint: https://api-3t.paypal.com/nvp
04-03-2017 @ 20:07:21 - Request: Array
(
    [USER] => *****
    [PWD] => *****
    [VERSION] => 124.0
    [BUTTONSOURCE] => AngellEYE_SP_WooCommerce
    [SIGNATURE] => *****
    [METHOD] => GetExpressCheckoutDetails
    [TOKEN] => EC-50F04985S26290415
)

04-03-2017 @ 20:07:21 - Response: Array
(
    [TOKEN] => EC-50F04985S26290415
    [BILLINGAGREEMENTACCEPTEDSTATUS] => 0
    [CHECKOUTSTATUS] => PaymentActionNotInitiated
    [TIMESTAMP] => 2017-04-03T20:07:21Z
    [CORRELATIONID] => fdf562301f8dc
    [ACK] => Success
    [VERSION] => 124.0
    [BUILD] => 31674279
    [EMAIL] => jcarnasciali@gmail.com
    [PAYERID] => RTJHK7G9VZUAY
    [PAYERSTATUS] => verified
    [FIRSTNAME] => Johann Matheus
    [LASTNAME] => Carnasciali Rocha
    [COUNTRYCODE] => BR
    [TAXIDTYPE] => BR_CPF
    [TAXID] => 08843992902
    [SHIPTONAME] => Johann Johann
    [SHIPTOSTREET] => Rua Almirante Tamandaré  503  ap.51
    [SHIPTOSTREET2] => Alto da Rua XV
    [SHIPTOCITY] => Curitiba
    [SHIPTOSTATE] => PR
    [SHIPTOZIP] => 80045-110
    [SHIPTOCOUNTRYCODE] => BR
    [SHIPTOPHONENUM] => 45454654564
    [SHIPTOCOUNTRYNAME] => Brazil
    [ADDRESSSTATUS] => Confirmed
    [CURRENCYCODE] => EUR
    [AMT] => 0.20
    [ITEMAMT] => 0.20
    [SHIPPINGAMT] => 0.00
    [HANDLINGAMT] => 0.00
    [TAXAMT] => 0.00
    [INSURANCEAMT] => 0.00
    [SHIPDISCAMT] => 0.00
    [INSURANCEOPTIONOFFERED] => false
    [L_NAME0] => Black
    [L_QTY0] => 1
    [L_TAXAMT0] => 0.00
    [L_AMT0] => 0.20
    [PAYMENTREQUEST_0_CURRENCYCODE] => EUR
    [PAYMENTREQUEST_0_AMT] => 0.20
    [PAYMENTREQUEST_0_ITEMAMT] => 0.20
    [PAYMENTREQUEST_0_SHIPPINGAMT] => 0.00
    [PAYMENTREQUEST_0_HANDLINGAMT] => 0.00
    [PAYMENTREQUEST_0_TAXAMT] => 0.00
    [PAYMENTREQUEST_0_INSURANCEAMT] => 0.00
    [PAYMENTREQUEST_0_SHIPDISCAMT] => 0.00
    [PAYMENTREQUEST_0_SELLERPAYPALACCOUNTID] => julien@gurilifestyle.com
    [PAYMENTREQUEST_0_INSURANCEOPTIONOFFERED] => false
    [PAYMENTREQUEST_0_SHIPTONAME] => Johann Johann
    [PAYMENTREQUEST_0_SHIPTOSTREET] => Rua Almirante Tamandaré  503  ap.51
    [PAYMENTREQUEST_0_SHIPTOSTREET2] => Alto da Rua XV
    [PAYMENTREQUEST_0_SHIPTOCITY] => Curitiba
    [PAYMENTREQUEST_0_SHIPTOSTATE] => PR
    [PAYMENTREQUEST_0_SHIPTOZIP] => 80045-110
    [PAYMENTREQUEST_0_SHIPTOCOUNTRYCODE] => BR
    [PAYMENTREQUEST_0_SHIPTOPHONENUM] => 45454654564
    [PAYMENTREQUEST_0_SHIPTOCOUNTRYNAME] => Brazil
    [PAYMENTREQUEST_0_ADDRESSSTATUS] => Confirmed
    [PAYMENTREQUEST_0_ADDRESSNORMALIZATIONSTATUS] => Normalized
    [L_PAYMENTREQUEST_0_NAME0] => Black
    [L_PAYMENTREQUEST_0_QTY0] => 1
    [L_PAYMENTREQUEST_0_TAXAMT0] => 0.00
    [L_PAYMENTREQUEST_0_AMT0] => 0.20
    [PAYMENTREQUESTINFO_0_ERRORCODE] => 0
)

04-03-2017 @ 20:07:23 - Start Pay Action
04-03-2017 @ 20:13:18 - Start Review Order
04-03-2017 @ 20:13:18 - ...Token:EC-50F04985S26290415
04-03-2017 @ 20:13:18 - ...PayerID: RTJHK7G9VZUAY
04-03-2017 @ 20:13:20 - Test Mode: no
04-03-2017 @ 20:13:20 - Endpoint: https://api-3t.paypal.com/nvp
04-03-2017 @ 20:13:20 - Request: Array
(
    [USER] => *****
    [PWD] => *****
    [VERSION] => 124.0
    [BUTTONSOURCE] => AngellEYE_SP_WooCommerce
    [SIGNATURE] => *****
    [METHOD] => GetExpressCheckoutDetails
    [TOKEN] => EC-50F04985S26290415
)

04-03-2017 @ 20:13:20 - Response: Array
(
    [TOKEN] => EC-50F04985S26290415
    [BILLINGAGREEMENTACCEPTEDSTATUS] => 0
    [CHECKOUTSTATUS] => PaymentActionNotInitiated
    [TIMESTAMP] => 2017-04-03T20:13:19Z
    [CORRELATIONID] => 9755401b8d717
    [ACK] => Success
    [VERSION] => 124.0
    [BUILD] => 31674279
    [EMAIL] => jcarnasciali@gmail.com
    [PAYERID] => RTJHK7G9VZUAY
    [PAYERSTATUS] => verified
    [FIRSTNAME] => Johann Matheus
    [LASTNAME] => Carnasciali Rocha
    [COUNTRYCODE] => BR
    [TAXIDTYPE] => BR_CPF
    [TAXID] => 08843992902
    [SHIPTONAME] => Johann Johann
    [SHIPTOSTREET] => Rua Almirante Tamandaré  503  ap.51
    [SHIPTOSTREET2] => Alto da Rua XV
    [SHIPTOCITY] => Curitiba
    [SHIPTOSTATE] => PR
    [SHIPTOZIP] => 80045-110
    [SHIPTOCOUNTRYCODE] => BR
    [SHIPTOPHONENUM] => 45454654564
    [SHIPTOCOUNTRYNAME] => Brazil
    [ADDRESSSTATUS] => Confirmed
    [CURRENCYCODE] => EUR
    [AMT] => 0.20
    [ITEMAMT] => 0.20
    [SHIPPINGAMT] => 0.00
    [HANDLINGAMT] => 0.00
    [TAXAMT] => 0.00
    [INSURANCEAMT] => 0.00
    [SHIPDISCAMT] => 0.00
    [INSURANCEOPTIONOFFERED] => false
    [L_NAME0] => Black
    [L_QTY0] => 1
    [L_TAXAMT0] => 0.00
    [L_AMT0] => 0.20
    [PAYMENTREQUEST_0_CURRENCYCODE] => EUR
    [PAYMENTREQUEST_0_AMT] => 0.20
    [PAYMENTREQUEST_0_ITEMAMT] => 0.20
    [PAYMENTREQUEST_0_SHIPPINGAMT] => 0.00
    [PAYMENTREQUEST_0_HANDLINGAMT] => 0.00
    [PAYMENTREQUEST_0_TAXAMT] => 0.00
    [PAYMENTREQUEST_0_INSURANCEAMT] => 0.00
    [PAYMENTREQUEST_0_SHIPDISCAMT] => 0.00
    [PAYMENTREQUEST_0_SELLERPAYPALACCOUNTID] => julien@gurilifestyle.com
    [PAYMENTREQUEST_0_INSURANCEOPTIONOFFERED] => false
    [PAYMENTREQUEST_0_SHIPTONAME] => Johann Johann
    [PAYMENTREQUEST_0_SHIPTOSTREET] => Rua Almirante Tamandaré  503  ap.51
    [PAYMENTREQUEST_0_SHIPTOSTREET2] => Alto da Rua XV
    [PAYMENTREQUEST_0_SHIPTOCITY] => Curitiba
    [PAYMENTREQUEST_0_SHIPTOSTATE] => PR
    [PAYMENTREQUEST_0_SHIPTOZIP] => 80045-110
    [PAYMENTREQUEST_0_SHIPTOCOUNTRYCODE] => BR
    [PAYMENTREQUEST_0_SHIPTOPHONENUM] => 45454654564
    [PAYMENTREQUEST_0_SHIPTOCOUNTRYNAME] => Brazil
    [PAYMENTREQUEST_0_ADDRESSSTATUS] => Confirmed
    [PAYMENTREQUEST_0_ADDRESSNORMALIZATIONSTATUS] => Normalized
    [L_PAYMENTREQUEST_0_NAME0] => Black
    [L_PAYMENTREQUEST_0_QTY0] => 1
    [L_PAYMENTREQUEST_0_TAXAMT0] => 0.00
    [L_PAYMENTREQUEST_0_AMT0] => 0.20
    [PAYMENTREQUESTINFO_0_ERRORCODE] => 0
)

04-03-2017 @ 20:13:22 - Start Pay Action
04-03-2017 @ 20:16:50 - Start Review Order
04-03-2017 @ 20:16:50 - ...Token:EC-50F04985S26290415
04-03-2017 @ 20:16:50 - ...PayerID: RTJHK7G9VZUAY
04-03-2017 @ 20:16:52 - Test Mode: no
04-03-2017 @ 20:16:52 - Endpoint: https://api-3t.paypal.com/nvp
04-03-2017 @ 20:16:52 - Request: Array
(
    [USER] => *****
    [PWD] => *****
    [VERSION] => 124.0
    [BUTTONSOURCE] => AngellEYE_SP_WooCommerce
    [SIGNATURE] => *****
    [METHOD] => GetExpressCheckoutDetails
    [TOKEN] => EC-50F04985S26290415
)

04-03-2017 @ 20:16:52 - Response: Array
(
    [TOKEN] => EC-50F04985S26290415
    [BILLINGAGREEMENTACCEPTEDSTATUS] => 0
    [CHECKOUTSTATUS] => PaymentActionNotInitiated
    [TIMESTAMP] => 2017-04-03T20:16:52Z
    [CORRELATIONID] => 8782935089951
    [ACK] => Success
    [VERSION] => 124.0
    [BUILD] => 31674279
    [EMAIL] => jcarnasciali@gmail.com
    [PAYERID] => RTJHK7G9VZUAY
    [PAYERSTATUS] => verified
    [FIRSTNAME] => Johann Matheus
    [LASTNAME] => Carnasciali Rocha
    [COUNTRYCODE] => BR
    [TAXIDTYPE] => BR_CPF
    [TAXID] => 08843992902
    [SHIPTONAME] => Johann Johann
    [SHIPTOSTREET] => Rua Almirante Tamandaré  503  ap.51
    [SHIPTOSTREET2] => Alto da Rua XV
    [SHIPTOCITY] => Curitiba
    [SHIPTOSTATE] => PR
    [SHIPTOZIP] => 80045-110
    [SHIPTOCOUNTRYCODE] => BR
    [SHIPTOPHONENUM] => 45454654564
    [SHIPTOCOUNTRYNAME] => Brazil
    [ADDRESSSTATUS] => Confirmed
    [CURRENCYCODE] => EUR
    [AMT] => 0.20
    [ITEMAMT] => 0.20
    [SHIPPINGAMT] => 0.00
    [HANDLINGAMT] => 0.00
    [TAXAMT] => 0.00
    [INSURANCEAMT] => 0.00
    [SHIPDISCAMT] => 0.00
    [INSURANCEOPTIONOFFERED] => false
    [L_NAME0] => Black
    [L_QTY0] => 1
    [L_TAXAMT0] => 0.00
    [L_AMT0] => 0.20
    [PAYMENTREQUEST_0_CURRENCYCODE] => EUR
    [PAYMENTREQUEST_0_AMT] => 0.20
    [PAYMENTREQUEST_0_ITEMAMT] => 0.20
    [PAYMENTREQUEST_0_SHIPPINGAMT] => 0.00
    [PAYMENTREQUEST_0_HANDLINGAMT] => 0.00
    [PAYMENTREQUEST_0_TAXAMT] => 0.00
    [PAYMENTREQUEST_0_INSURANCEAMT] => 0.00
    [PAYMENTREQUEST_0_SHIPDISCAMT] => 0.00
    [PAYMENTREQUEST_0_SELLERPAYPALACCOUNTID] => julien@gurilifestyle.com
    [PAYMENTREQUEST_0_INSURANCEOPTIONOFFERED] => false
    [PAYMENTREQUEST_0_SHIPTONAME] => Johann Johann
    [PAYMENTREQUEST_0_SHIPTOSTREET] => Rua Almirante Tamandaré  503  ap.51
    [PAYMENTREQUEST_0_SHIPTOSTREET2] => Alto da Rua XV
    [PAYMENTREQUEST_0_SHIPTOCITY] => Curitiba
    [PAYMENTREQUEST_0_SHIPTOSTATE] => PR
    [PAYMENTREQUEST_0_SHIPTOZIP] => 80045-110
    [PAYMENTREQUEST_0_SHIPTOCOUNTRYCODE] => BR
    [PAYMENTREQUEST_0_SHIPTOPHONENUM] => 45454654564
    [PAYMENTREQUEST_0_SHIPTOCOUNTRYNAME] => Brazil
    [PAYMENTREQUEST_0_ADDRESSSTATUS] => Confirmed
    [PAYMENTREQUEST_0_ADDRESSNORMALIZATIONSTATUS] => Normalized
    [L_PAYMENTREQUEST_0_NAME0] => Black
    [L_PAYMENTREQUEST_0_QTY0] => 1
    [L_PAYMENTREQUEST_0_TAXAMT0] => 0.00
    [L_PAYMENTREQUEST_0_AMT0] => 0.20
    [PAYMENTREQUESTINFO_0_ERRORCODE] => 0
)

04-03-2017 @ 20:17:36 - Start Pay Action
04-03-2017 @ 20:21:16 - Start Pay Action
04-03-2017 @ 20:24:38 - Start Pay Action
04-03-2017 @ 20:24:46 - Start Pay Action
04-03-2017 @ 20:27:30 - Start Pay Action
04-03-2017 @ 20:28:37 - Start Pay Action
04-03-2017 @ 20:28:41 - Start Pay Action
04-03-2017 @ 20:29:34 - Start Pay Action
04-03-2017 @ 20:30:33 - Start Pay Action
04-03-2017 @ 20:49:55 - Start Express Checkout
04-03-2017 @ 20:49:57 - Test Mode: no
04-03-2017 @ 20:49:57 - Endpoint: https://api-3t.paypal.com/nvp
04-03-2017 @ 20:49:57 - Request: Array
(
    [USER] => *****
    [PWD] => *****
    [VERSION] => 124.0
    [BUTTONSOURCE] => AngellEYE_SP_WooCommerce
    [SIGNATURE] => *****
    [METHOD] => SetExpressCheckout
    [RETURNURL] => https://gurilifestyle.com/checkout/review-order/?utm_nooverride=1
    [pp_action] => revieworder
    [CANCELURL] => https://gurilifestyle.com/store/
    [ALLOWNOTE] => 1
    [LOCALECODE] => en_US
    [EMAIL] => johann@studiobild.com.br
    [BRANDNAME] => Guri Lifestyle
    [CUSTOMERSERVICENUMBER] =>  352 24595400
    [SOLUTIONTYPE] => Sole
    [LANDINGPAGE] => Billing
    [USERSELECTEDFUNDINGSOURCE] => CreditCard
    [PAYMENTREQUEST_0_AMT] => 0.20
    [PAYMENTREQUEST_0_CURRENCYCODE] => EUR
    [PAYMENTREQUEST_0_SHIPTONAME] => Johann Johann
    [PAYMENTREQUEST_0_SHIPTOSTREET] => Rua Almirante Tamandaré  503  ap.51
    [PAYMENTREQUEST_0_SHIPTOSTREET2] => Alto da Rua XV
    [PAYMENTREQUEST_0_SHIPTOCITY] => Curitiba
    [PAYMENTREQUEST_0_SHIPTOSTATE] => PR
    [PAYMENTREQUEST_0_SHIPTOZIP] => 80045-110
    [PAYMENTREQUEST_0_SHIPTOCOUNTRYCODE] => BR
    [PAYMENTREQUEST_0_SHIPTOPHONENUM] => 45454654564
    [PAYMENTREQUEST_0_PAYMENTACTION] => Sale
    [L_PAYMENTREQUEST_0_NAME0] => Black
    [L_PAYMENTREQUEST_0_AMT0] => 0.20
    [L_PAYMENTREQUEST_0_QTY0] => 1
    [PAYMENTREQUEST_0_ITEMAMT] => 0.20
)

04-03-2017 @ 20:49:57 - Response: Array
(
    [TOKEN] => EC-60349737LV4478132
    [TIMESTAMP] => 2017-04-03T20:49:57Z
    [CORRELATIONID] => 38d29d6ac3d40
    [ACK] => Success
    [VERSION] => 124.0
    [BUILD] => 31674279
)

04-03-2017 @ 20:49:57 - Redirecting to PayPal
04-04-2017 @ 04:41:32 - Start Express Checkout
04-04-2017 @ 04:41:33 - Test Mode: no
04-04-2017 @ 04:41:33 - Endpoint: https://api-3t.paypal.com/nvp
04-04-2017 @ 04:41:33 - Request: Array
(
    [USER] => *****
    [PWD] => *****
    [VERSION] => 124.0
    [BUTTONSOURCE] => AngellEYE_SP_WooCommerce
    [SIGNATURE] => *****
    [METHOD] => SetExpressCheckout
    [RETURNURL] => https://gurilifestyle.com/checkout/review-order/?utm_nooverride=1
    [pp_action] => revieworder
    [CANCELURL] => https://gurilifestyle.com/store/
    [ALLOWNOTE] => 1
    [LOCALECODE] => en_US
    [EMAIL] => johann@studiobild.com.br
    [BRANDNAME] => Guri Lifestyle
    [CUSTOMERSERVICENUMBER] =>  352 24595400
    [SOLUTIONTYPE] => Sole
    [LANDINGPAGE] => Billing
    [USERSELECTEDFUNDINGSOURCE] => CreditCard
    [PAYMENTREQUEST_0_AMT] => 69.99
    [PAYMENTREQUEST_0_CURRENCYCODE] => EUR
    [PAYMENTREQUEST_0_SHIPTONAME] => Johann Johann
    [PAYMENTREQUEST_0_SHIPTOSTREET] => Rua Almirante Tamandaré 503 ap.51
    [PAYMENTREQUEST_0_SHIPTOSTREET2] => Alto da Rua XV
    [PAYMENTREQUEST_0_SHIPTOCITY] => Curitiba
    [PAYMENTREQUEST_0_SHIPTOSTATE] => PR
    [PAYMENTREQUEST_0_SHIPTOZIP] => 80045-110
    [PAYMENTREQUEST_0_SHIPTOCOUNTRYCODE] => BR
    [PAYMENTREQUEST_0_SHIPTOPHONENUM] => 45454654564
    [PAYMENTREQUEST_0_PAYMENTACTION] => Sale
    [L_PAYMENTREQUEST_0_NAME0] => Navy
    [L_PAYMENTREQUEST_0_AMT0] => 69.99
    [L_PAYMENTREQUEST_0_QTY0] => 1
    [PAYMENTREQUEST_0_ITEMAMT] => 69.99
)

04-04-2017 @ 04:41:33 - Response: Array
(
    [TOKEN] => EC-56398185BU822413F
    [TIMESTAMP] => 2017-04-04T04:41:33Z
    [CORRELATIONID] => d912b29ca9cbf
    [ACK] => Success
    [VERSION] => 124.0
    [BUILD] => 31674279
)

04-04-2017 @ 04:41:33 - Redirecting to PayPal
